
CODONML in paml version 4.9, March 2015

----------------------------------------------
Phe F TTT | Ser S TCT | Tyr Y TAT | Cys C TGT
      TTC |       TCC |       TAC |       TGC
Leu L TTA |       TCA | *** * TAA | *** * TGA
      TTG |       TCG |       TAG | Trp W TGG
----------------------------------------------
Leu L CTT | Pro P CCT | His H CAT | Arg R CGT
      CTC |       CCC |       CAC |       CGC
      CTA |       CCA | Gln Q CAA |       CGA
      CTG |       CCG |       CAG |       CGG
----------------------------------------------
Ile I ATT | Thr T ACT | Asn N AAT | Ser S AGT
      ATC |       ACC |       AAC |       AGC
      ATA |       ACA | Lys K AAA | Arg R AGA
Met M ATG |       ACG |       AAG |       AGG
----------------------------------------------
Val V GTT | Ala A GCT | Asp D GAT | Gly G GGT
      GTC |       GCC |       GAC |       GGC
      GTA |       GCA | Glu E GAA |       GGA
      GTG |       GCG |       GAG |       GGG
----------------------------------------------
Nice code, uuh?

ns = 12  	ls = 2007
Reading sequences, sequential format..
Reading seq # 1: Chicken     Reading seq # 2: Duck     Reading seq # 3: Chimpanzee     Reading seq # 4: Human     Reading seq # 5: Orangutan     Reading seq # 6: Rhesus_macaque     Reading seq # 7: Cow     Reading seq # 8: Sheep     Reading seq # 9: Pig     Reading seq #10: Dog     Reading seq #11: Mouse     Reading seq #12: Rat     
Sequences read..
Counting site patterns..  0:00
         638 patterns at      669 /      669 sites (100.0%),  0:00
1 ambiguous codons are seen in the data:
 ---
Counting codons..
NG distances for seqs.:
   1   2   3   4   5   6   7   8   9  10  11  12

      528 bytes for distance
   622688 bytes for conP
    20416 bytes for fhK
  5000000 bytes for space

2 branch types are in tree. Stop if wrong.
TREE #  1
(1, 2, ((((((3, 4), 5), 6), ((7, 8), 9)), 10), (11, 12)));   MP score: -1
   1   18.751197
   2   18.086292
   3   17.971708
   4   17.944674
   5   17.941070
   6   17.940709
   7   17.940661
   8   17.940646
  3113440 bytes for conP, adjusted

    0.438251    0.123016    1.212359    0.213292    0.069243    0.241080    0.000000    0.037724    0.020502    0.039819    0.045030    0.125260    0.110226    0.127708    0.032316    0.087643    0.242116    0.262676    0.160886    0.160959    0.187481    1.000000    1.367485    0.129491    0.215555

ntime & nrate & np:    21     2    25

Bounds (np=25):
   0.000004   0.000004   0.000004   0.000004   0.000004   0.000004   0.000004   0.000004   0.000004   0.000004   0.000004   0.000004   0.000004   0.000004   0.000004   0.000004   0.000004   0.000004   0.000004   0.000004   0.000004   0.000100 -99.000000 -99.000000   0.000001
  50.000000  50.000000  50.000000  50.000000  50.000000  50.000000  50.000000  50.000000  50.000000  50.000000  50.000000  50.000000  50.000000  50.000000  50.000000  50.000000  50.000000  50.000000  50.000000  50.000000  50.000000 999.000000  99.000000  99.000000   1.000000
branch=0  freq=0.775215 w0 = 0.215555
branch=0  freq=0.224785 w1 = 1.000000
			Qfactor for branch 0 = 11.602798
branch=1  freq=0.647370 w0 = 0.215555
branch=1  freq=0.187715 w1 = 1.000000
branch=1  freq=0.164915 w2 = 1.000000
			Qfactor for branch 1 = 10.070543
w[0] = 0.215555
w[1] = 1.000000
w[2] = 1.000000

np =    25
lnL0 = -12932.841382

Iterating by ming2
Initial: fx= 12932.841382
x=  0.43825  0.12302  1.21236  0.21329  0.06924  0.24108  0.00000  0.03772  0.02050  0.03982  0.04503  0.12526  0.11023  0.12771  0.03232  0.08764  0.24212  0.26268  0.16089  0.16096  0.18748  1.00000  1.36749  0.12949  0.21555

  1 h-m-p  0.0000 0.0001 3424.7794 +CYCCC 12847.750229  4 0.0001    39 | 0/25
  2 h-m-p  0.0000 0.0002 1334.5841 YCYCCC 12785.411443  5 0.0001    75 | 0/25
  3 h-m-p  0.0000 0.0001 1282.6510 +YCCCC 12748.855851  4 0.0001   111 | 0/25
  4 h-m-p  0.0000 0.0001 2004.7044 +YYYCCC 12714.051343  5 0.0000   147 | 0/25
  5 h-m-p  0.0000 0.0001 1550.6923 +YCCC 12688.545663  3 0.0001   181 | 0/25
  6 h-m-p  0.0000 0.0003 2715.1846 YCCCC 12648.367084  4 0.0001   216 | 0/25
  7 h-m-p  0.0002 0.0012 393.1050 YCC   12626.131611  2 0.0005   247 | 0/25
  8 h-m-p  0.0001 0.0004 798.6975 YCCC  12609.815103  3 0.0002   280 | 0/25
  9 h-m-p  0.0001 0.0003 1024.3788 +YCCC 12590.785126  3 0.0002   314 | 0/25
 10 h-m-p  0.0001 0.0005 1177.7061 YCCC  12573.479807  3 0.0002   347 | 0/25
 11 h-m-p  0.0001 0.0005 606.2612 YCCC  12563.029482  3 0.0002   380 | 0/25
 12 h-m-p  0.0002 0.0010 543.7287 YCCC  12549.706053  3 0.0004   413 | 0/25
 13 h-m-p  0.0003 0.0017 171.6379 CCC   12545.915314  2 0.0005   445 | 0/25
 14 h-m-p  0.0012 0.0170  64.7509 YCC   12542.463626  2 0.0022   476 | 0/25
 15 h-m-p  0.0013 0.0213 108.6773 YCCC  12537.804967  3 0.0023   509 | 0/25
 16 h-m-p  0.0028 0.0142  74.0025 YC    12536.514430  1 0.0011   538 | 0/25
 17 h-m-p  0.0019 0.0146  44.6774 CC    12535.733073  1 0.0015   568 | 0/25
 18 h-m-p  0.0011 0.0151  61.5690 +YC   12533.695435  1 0.0033   598 | 0/25
 19 h-m-p  0.0043 0.0215  32.9026 CC    12533.324751  1 0.0014   628 | 0/25
 20 h-m-p  0.0018 0.0421  25.7929 CC    12532.960607  1 0.0020   658 | 0/25
 21 h-m-p  0.0012 0.2447  42.5813 ++YCYC 12522.277379  3 0.0356   692 | 0/25
 22 h-m-p  0.0146 0.0729  13.0487 CY    12521.965288  1 0.0038   722 | 0/25
 23 h-m-p  0.0040 0.0417  12.2424 YC    12521.734814  1 0.0026   751 | 0/25
 24 h-m-p  0.0060 0.1735   5.2773 +CC   12519.229132  1 0.0317   782 | 0/25
 25 h-m-p  0.0110 0.0599  15.2076 CCCCC 12513.605721  4 0.0131   818 | 0/25
 26 h-m-p  0.0011 0.0054 141.0469 YCCCC 12503.313062  4 0.0024   853 | 0/25
 27 h-m-p  0.3413 1.7066   0.6815 YCCC  12489.439358  3 0.6763   886 | 0/25
 28 h-m-p  0.6675 3.3376   0.2477 CCYC  12483.980655  3 0.6801   944 | 0/25
 29 h-m-p  0.5050 4.5875   0.3336 YCCC  12480.720983  3 1.1249  1002 | 0/25
 30 h-m-p  0.6827 3.4137   0.0697 CCCC  12479.923469  3 0.7414  1061 | 0/25
 31 h-m-p  0.3830 8.0000   0.1350 YC    12479.430183  1 0.8682  1115 | 0/25
 32 h-m-p  1.6000 8.0000   0.0385 CC    12479.251809  1 1.6623  1170 | 0/25
 33 h-m-p  1.6000 8.0000   0.0246 CC    12479.203831  1 1.8725  1225 | 0/25
 34 h-m-p  1.6000 8.0000   0.0058 CC    12479.194711  1 1.3976  1280 | 0/25
 35 h-m-p  1.6000 8.0000   0.0047 YC    12479.193211  1 1.0402  1334 | 0/25
 36 h-m-p  1.6000 8.0000   0.0021 Y     12479.193062  0 1.1916  1387 | 0/25
 37 h-m-p  1.6000 8.0000   0.0004 C     12479.193031  0 1.9982  1440 | 0/25
 38 h-m-p  1.6000 8.0000   0.0002 C     12479.193025  0 1.7197  1493 | 0/25
 39 h-m-p  1.6000 8.0000   0.0001 C     12479.193025  0 1.5505  1546 | 0/25
 40 h-m-p  1.6000 8.0000   0.0000 C     12479.193025  0 1.4585  1599 | 0/25
 41 h-m-p  1.6000 8.0000   0.0000 Y     12479.193025  0 1.1237  1652 | 0/25
 42 h-m-p  1.6000 8.0000   0.0000 C     12479.193025  0 1.6000  1705 | 0/25
 43 h-m-p  1.6000 8.0000   0.0000 ---------------Y 12479.193025  0 0.0000  1773
Out..
lnL  = -12479.193025
1774 lfun, 8870 eigenQcodon, 149016 P(t)
end of tree file.

Time used: 56:27
