
CODONML in paml version 4.9, March 2015

----------------------------------------------
Phe F TTT | Ser S TCT | Tyr Y TAT | Cys C TGT
      TTC |       TCC |       TAC |       TGC
Leu L TTA |       TCA | *** * TAA | *** * TGA
      TTG |       TCG |       TAG | Trp W TGG
----------------------------------------------
Leu L CTT | Pro P CCT | His H CAT | Arg R CGT
      CTC |       CCC |       CAC |       CGC
      CTA |       CCA | Gln Q CAA |       CGA
      CTG |       CCG |       CAG |       CGG
----------------------------------------------
Ile I ATT | Thr T ACT | Asn N AAT | Ser S AGT
      ATC |       ACC |       AAC |       AGC
      ATA |       ACA | Lys K AAA | Arg R AGA
Met M ATG |       ACG |       AAG |       AGG
----------------------------------------------
Val V GTT | Ala A GCT | Asp D GAT | Gly G GGT
      GTC |       GCC |       GAC |       GGC
      GTA |       GCA | Glu E GAA |       GGA
      GTG |       GCG |       GAG |       GGG
----------------------------------------------
Nice code, uuh?

ns = 12  	ls = 2007
Reading sequences, sequential format..
Reading seq # 1: Chicken     Reading seq # 2: Duck     Reading seq # 3: Chimpanzee     Reading seq # 4: Human     Reading seq # 5: Orangutan     Reading seq # 6: Rhesus_macaque     Reading seq # 7: Cow     Reading seq # 8: Sheep     Reading seq # 9: Pig     Reading seq #10: Dog     Reading seq #11: Mouse     Reading seq #12: Rat     
Sequences read..
Counting site patterns..  0:00
         638 patterns at      669 /      669 sites (100.0%),  0:00
1 ambiguous codons are seen in the data:
 ---
Counting codons..
NG distances for seqs.:
   1   2   3   4   5   6   7   8   9  10  11  12

      528 bytes for distance
   622688 bytes for conP
    10208 bytes for fhK
  5000000 bytes for space

TREE #  1
(1, 2, ((((((3, 4), 5), 6), ((7, 8), 9)), 10), (11, 12)));   MP score: -1
   1   40.597654
   2   22.730682
   3   21.907659
   4   21.655864
   5   21.641822
   6   21.641229
   7   21.641124
   8   21.641113
  3113440 bytes for conP, adjusted

    0.406314    0.095325    1.178072    0.202604    0.057805    0.236265    0.000000    0.044579    0.018938    0.018420    0.035006    0.122855    0.114743    0.129236    0.053292    0.086732    0.237939    0.231382    0.157676    0.139335    0.173719    1.000000    0.503722    0.426800

ntime & nrate & np:    21     1    24

Bounds (np=24):
   0.000004   0.000004   0.000004   0.000004   0.000004   0.000004   0.000004   0.000004   0.000004   0.000004   0.000004   0.000004   0.000004   0.000004   0.000004   0.000004   0.000004   0.000004   0.000004   0.000004   0.000004   0.000100   0.000010   0.000001
  50.000000  50.000000  50.000000  50.000000  50.000000  50.000000  50.000000  50.000000  50.000000  50.000000  50.000000  50.000000  50.000000  50.000000  50.000000  50.000000  50.000000  50.000000  50.000000  50.000000  50.000000 999.000000   0.999990   1.000000
Qfactor_NS = 7.815690

np =    24
lnL0 = -13275.637724

Iterating by ming2
Initial: fx= 13275.637724
x=  0.40631  0.09532  1.17807  0.20260  0.05780  0.23627  0.00000  0.04458  0.01894  0.01842  0.03501  0.12285  0.11474  0.12924  0.05329  0.08673  0.23794  0.23138  0.15768  0.13933  0.17372  1.00000  0.50372  0.42680

  1 h-m-p  0.0000 0.0001 4683.1155 +YCYC 13188.056806  3 0.0001    34 | 0/24
  2 h-m-p  0.0001 0.0004 1511.8045 +YYYCCC 12821.183071  5 0.0003    69 | 0/24
  3 h-m-p  0.0000 0.0001 1702.7273 CYCCC 12807.361789  4 0.0000   103 | 0/24
  4 h-m-p  0.0000 0.0001 1085.8251 +YYYCCC 12772.178624  5 0.0001   138 | 0/24
  5 h-m-p  0.0000 0.0000 1955.0593 +YCYCCC 12766.334644  5 0.0000   174 | 0/24
  6 h-m-p  0.0000 0.0014 1374.3094 +YCCC 12739.848082  3 0.0001   207 | 0/24
  7 h-m-p  0.0001 0.0005 670.3737 YCCC  12725.958014  3 0.0002   239 | 0/24
  8 h-m-p  0.0001 0.0003 721.0183 +YYYCCC 12704.401286  5 0.0002   274 | 0/24
  9 h-m-p  0.0001 0.0003 1004.3913 +YCCC 12682.013907  3 0.0002   307 | 0/24
 10 h-m-p  0.0003 0.0015 347.1390 YCCC  12669.124371  3 0.0005   339 | 0/24
 11 h-m-p  0.0002 0.0009 441.8218 YCCCC 12657.630905  4 0.0004   373 | 0/24
 12 h-m-p  0.0005 0.0024 265.0864 CCC   12651.767782  2 0.0004   404 | 0/24
 13 h-m-p  0.0004 0.0018 151.2526 CC    12649.763473  1 0.0004   433 | 0/24
 14 h-m-p  0.0006 0.0116  83.4793 YCCC  12647.137224  3 0.0013   465 | 0/24
 15 h-m-p  0.0013 0.0557  82.2087 +YCCC 12641.837961  3 0.0036   498 | 0/24
 16 h-m-p  0.0024 0.0122  70.9016 YC    12640.710237  1 0.0011   526 | 0/24
 17 h-m-p  0.0051 0.0384  14.8745 CC    12640.504738  1 0.0016   555 | 0/24
 18 h-m-p  0.0014 0.0236  16.2102 YC    12640.058496  1 0.0032   583 | 0/24
 19 h-m-p  0.0018 0.0171  28.2117 CC    12639.645671  1 0.0015   612 | 0/24
 20 h-m-p  0.0050 0.0910   8.5750 C     12638.818033  0 0.0051   639 | 0/24
 21 h-m-p  0.0026 0.0518  16.7159 +CYC  12631.436467  2 0.0096   670 | 0/24
 22 h-m-p  0.0015 0.0091 105.8593 +YCCC 12605.318561  3 0.0040   703 | 0/24
 23 h-m-p  0.0037 0.0184  59.5843 CCCC  12589.172403  3 0.0052   736 | 0/24
 24 h-m-p  0.0043 0.0214  61.3958 YCCC  12586.036336  3 0.0019   768 | 0/24
 25 h-m-p  0.0294 0.1468   3.8214 YC    12585.924253  1 0.0047   796 | 0/24
 26 h-m-p  0.0190 1.0815   0.9428 ++CCC 12563.773108  2 0.4216   829 | 0/24
 27 h-m-p  0.8026 4.0132   0.2182 +YYCCCC 12538.588516  5 2.6242   889 | 0/24
 28 h-m-p  1.5701 7.8506   0.1286 CCCC  12530.745900  3 2.0369   946 | 0/24
 29 h-m-p  1.1525 8.0000   0.2273 YCC   12528.960203  2 0.8978  1000 | 0/24
 30 h-m-p  0.7717 3.8584   0.1343 CCCC  12527.374046  3 0.9211  1057 | 0/24
 31 h-m-p  1.6000 8.0000   0.0724 CCC   12526.794168  2 1.3582  1112 | 0/24
 32 h-m-p  1.6000 8.0000   0.0114 YC    12526.740811  1 1.0772  1164 | 0/24
 33 h-m-p  1.6000 8.0000   0.0033 YC    12526.737159  1 1.2387  1216 | 0/24
 34 h-m-p  1.6000 8.0000   0.0008 Y     12526.736797  0 1.2228  1267 | 0/24
 35 h-m-p  1.6000 8.0000   0.0003 C     12526.736715  0 1.6866  1318 | 0/24
 36 h-m-p  1.6000 8.0000   0.0001 Y     12526.736703  0 1.1020  1369 | 0/24
 37 h-m-p  1.6000 8.0000   0.0001 Y     12526.736702  0 1.1565  1420 | 0/24
 38 h-m-p  1.6000 8.0000   0.0000 Y     12526.736702  0 1.0912  1471 | 0/24
 39 h-m-p  1.6000 8.0000   0.0000 C     12526.736702  0 1.5564  1522 | 0/24
 40 h-m-p  1.6000 8.0000   0.0000 --------Y 12526.736702  0 0.0000  1581
Out..
lnL  = -12526.736702
1582 lfun, 4746 eigenQcodon, 66444 P(t)
end of tree file.

Time used:  3:46
