
CODONML in paml version 4.9, March 2015

----------------------------------------------
Phe F TTT | Ser S TCT | Tyr Y TAT | Cys C TGT
      TTC |       TCC |       TAC |       TGC
Leu L TTA |       TCA | *** * TAA | *** * TGA
      TTG |       TCG |       TAG | Trp W TGG
----------------------------------------------
Leu L CTT | Pro P CCT | His H CAT | Arg R CGT
      CTC |       CCC |       CAC |       CGC
      CTA |       CCA | Gln Q CAA |       CGA
      CTG |       CCG |       CAG |       CGG
----------------------------------------------
Ile I ATT | Thr T ACT | Asn N AAT | Ser S AGT
      ATC |       ACC |       AAC |       AGC
      ATA |       ACA | Lys K AAA | Arg R AGA
Met M ATG |       ACG |       AAG |       AGG
----------------------------------------------
Val V GTT | Ala A GCT | Asp D GAT | Gly G GGT
      GTC |       GCC |       GAC |       GGC
      GTA |       GCA | Glu E GAA |       GGA
      GTG |       GCG |       GAG |       GGG
----------------------------------------------
Nice code, uuh?

ns = 12  	ls = 2007
Reading sequences, sequential format..
Reading seq # 1: Chicken     Reading seq # 2: Duck     Reading seq # 3: Chimpanzee     Reading seq # 4: Human     Reading seq # 5: Orangutan     Reading seq # 6: Rhesus_macaque     Reading seq # 7: Cow     Reading seq # 8: Sheep     Reading seq # 9: Pig     Reading seq #10: Dog     Reading seq #11: Mouse     Reading seq #12: Rat     
Sequences read..
Counting site patterns..  0:00
         638 patterns at      669 /      669 sites (100.0%),  0:00
1 ambiguous codons are seen in the data:
 ---
Counting codons..
NG distances for seqs.:
   1   2   3   4   5   6   7   8   9  10  11  12

      528 bytes for distance
   622688 bytes for conP
        0 bytes for fhK
  5000000 bytes for space

2 branch types are in tree. Stop if wrong.
TREE #  1
(1, 2, ((((((3, 4), 5), 6), ((7, 8), 9)), 10), (11, 12)));   MP score: -1
   1   40.864193
   2   26.851081
   3   25.539875
   4   25.517451
   5   25.516189
   6   25.516172
  3113440 bytes for conP, adjusted

    0.397613    0.125012    1.121859    0.178610    0.052444    0.238050    0.000000    0.049135    0.039562    0.029889    0.041618    0.120875    0.096193    0.111719    0.033713    0.054223    0.210863    0.213885    0.165340    0.136549    0.180768    0.538726    0.470782    0.417335

ntime & nrate & np:    21     3    24

Bounds (np=24):
   0.000004   0.000004   0.000004   0.000004   0.000004   0.000004   0.000004   0.000004   0.000004   0.000004   0.000004   0.000004   0.000004   0.000004   0.000004   0.000004   0.000004   0.000004   0.000004   0.000004   0.000004   0.000100   0.000100   0.000100
  50.000000  50.000000  50.000000  50.000000  50.000000  50.000000  50.000000  50.000000  50.000000  50.000000  50.000000  50.000000  50.000000  50.000000  50.000000  50.000000  50.000000  50.000000  50.000000  50.000000  50.000000 999.000000 999.000000 999.000000

np =    24
lnL0 = -13678.379283

Iterating by ming2
Initial: fx= 13678.379283
x=  0.39761  0.12501  1.12186  0.17861  0.05244  0.23805  0.00000  0.04914  0.03956  0.02989  0.04162  0.12087  0.09619  0.11172  0.03371  0.05422  0.21086  0.21388  0.16534  0.13655  0.18077  0.53873  0.47078  0.41734

  1 h-m-p  0.0000 0.0001 5902.5326 +CYC  13561.727401  2 0.0001    33 | 0/24
  2 h-m-p  0.0000 0.0001 1593.0332 +CYCYCCC 13357.201265  6 0.0001    71 | 0/24
  3 h-m-p  0.0000 0.0000 34214.3365 ++    13314.639316  m 0.0000    98 | 0/24
  4 h-m-p  0.0000 0.0000 169707.7922 +CYCCC 13184.084912  4 0.0000   133 | 0/24
  5 h-m-p  0.0000 0.0000 18972.7987 +YCC  13159.066711  2 0.0000   164 | 0/24
  6 h-m-p  0.0000 0.0002 1529.5495 +YYYC 13096.388453  3 0.0002   195 | 0/24
  7 h-m-p  0.0000 0.0001 947.3274 +YYYCCC 13074.023124  5 0.0001   230 | 0/24
  8 h-m-p  0.0000 0.0005 2421.1097 YYCCC 13057.316244  4 0.0000   263 | 0/24
  9 h-m-p  0.0002 0.0009 437.8889 +YYCCC 13016.384534  4 0.0006   297 | 0/24
 10 h-m-p  0.0004 0.0019 187.9415 CCCC  13008.622420  3 0.0006   330 | 0/24
 11 h-m-p  0.0005 0.0029 235.2146 YCCC  13006.452709  3 0.0002   362 | 0/24
 12 h-m-p  0.0003 0.0015 164.5751 CCCC  13004.402904  3 0.0003   395 | 0/24
 13 h-m-p  0.0003 0.0033 157.9770 CCC   13002.977494  2 0.0003   426 | 0/24
 14 h-m-p  0.0005 0.0238  97.8235 +CCC  12999.068155  2 0.0018   458 | 0/24
 15 h-m-p  0.0018 0.0090  47.8972 YC    12998.533415  1 0.0008   486 | 0/24
 16 h-m-p  0.0028 0.0325  13.1150 YC    12998.410858  1 0.0012   514 | 0/24
 17 h-m-p  0.0010 0.0654  14.6231 +CYC  12997.959229  2 0.0040   545 | 0/24
 18 h-m-p  0.0014 0.0216  41.0717 YCC   12997.567920  2 0.0012   575 | 0/24
 19 h-m-p  0.0049 0.0578   9.8559 YC    12997.237771  1 0.0026   603 | 0/24
 20 h-m-p  0.0013 0.0217  19.2375 +CYC  12995.117250  2 0.0049   634 | 0/24
 21 h-m-p  0.0057 0.0563  16.7859 YCCC  12986.116792  3 0.0092   666 | 0/24
 22 h-m-p  0.0024 0.0185  63.8525 +CYCCC 12888.304939  4 0.0127   701 | 0/24
 23 h-m-p  0.0011 0.0055 154.3906 CYC   12878.247718  2 0.0010   731 | 0/24
 24 h-m-p  0.0072 0.0359  13.7211 YC    12878.096752  1 0.0014   759 | 0/24
 25 h-m-p  0.0138 0.4418   1.4381 +YCC  12877.493367  2 0.0475   790 | 0/24
 26 h-m-p  0.0421 0.4118   1.6207 +YCCC 12862.076709  3 0.1269   823 | 0/24
 27 h-m-p  0.3550 1.7748   0.1815 YCCCC 12855.310686  4 0.7877   857 | 0/24
 28 h-m-p  1.6000 8.0000   0.0703 CCC   12853.025255  2 2.1933   912 | 0/24
 29 h-m-p  1.3156 6.5781   0.0544 CCCC  12850.591757  3 2.1048   969 | 0/24
 30 h-m-p  1.1647 8.0000   0.0983 CC    12849.620883  1 0.9623  1022 | 0/24
 31 h-m-p  1.6000 8.0000   0.0169 CC    12849.312174  1 1.8359  1075 | 0/24
 32 h-m-p  1.6000 8.0000   0.0050 +CC   12848.730617  1 5.6376  1129 | 0/24
 33 h-m-p  1.0503 8.0000   0.0266 YC    12848.039692  1 2.6135  1181 | 0/24
 34 h-m-p  1.6000 8.0000   0.0082 CC    12847.871327  1 1.9072  1234 | 0/24
 35 h-m-p  1.5703 8.0000   0.0100 YC    12847.532923  1 3.7783  1286 | 0/24
 36 h-m-p  1.6000 8.0000   0.0079 YCCC  12846.820721  3 2.4946  1342 | 0/24
 37 h-m-p  1.6000 8.0000   0.0103 C     12846.657013  0 1.6446  1393 | 0/24
 38 h-m-p  1.6000 8.0000   0.0047 C     12846.642581  0 1.6149  1444 | 0/24
 39 h-m-p  1.6000 8.0000   0.0012 +YC   12846.623886  1 5.4132  1497 | 0/24
 40 h-m-p  1.6000 8.0000   0.0022 CC    12846.612884  1 1.9742  1550 | 0/24
 41 h-m-p  1.6000 8.0000   0.0013 CC    12846.609610  1 2.0208  1603 | 0/24
 42 h-m-p  1.6000 8.0000   0.0010 C     12846.609036  0 1.4792  1654 | 0/24
 43 h-m-p  1.6000 8.0000   0.0002 Y     12846.609019  0 1.2158  1705 | 0/24
 44 h-m-p  1.6000 8.0000   0.0000 Y     12846.609019  0 1.1605  1756 | 0/24
 45 h-m-p  1.6000 8.0000   0.0000 Y     12846.609019  0 1.2655  1807 | 0/24
 46 h-m-p  1.6000 8.0000   0.0000 Y     12846.609019  0 1.0395  1858 | 0/24
 47 h-m-p  1.2309 8.0000   0.0000 ----------------..  | 0/24
 48 h-m-p  0.0160 8.0000   0.0002 ------------- | 0/24
 49 h-m-p  0.0160 8.0000   0.0002 -------------
Out..
lnL  = -12846.609019
2048 lfun, 4096 eigenQcodon, 43008 P(t)
end of tree file.

Time used:  2:32
