
CODONML in paml version 4.9, March 2015

----------------------------------------------
Phe F TTT | Ser S TCT | Tyr Y TAT | Cys C TGT
      TTC |       TCC |       TAC |       TGC
Leu L TTA |       TCA | *** * TAA | *** * TGA
      TTG |       TCG |       TAG | Trp W TGG
----------------------------------------------
Leu L CTT | Pro P CCT | His H CAT | Arg R CGT
      CTC |       CCC |       CAC |       CGC
      CTA |       CCA | Gln Q CAA |       CGA
      CTG |       CCG |       CAG |       CGG
----------------------------------------------
Ile I ATT | Thr T ACT | Asn N AAT | Ser S AGT
      ATC |       ACC |       AAC |       AGC
      ATA |       ACA | Lys K AAA | Arg R AGA
Met M ATG |       ACG |       AAG |       AGG
----------------------------------------------
Val V GTT | Ala A GCT | Asp D GAT | Gly G GGT
      GTC |       GCC |       GAC |       GGC
      GTA |       GCA | Glu E GAA |       GGA
      GTG |       GCG |       GAG |       GGG
----------------------------------------------
Nice code, uuh?

ns = 12  	ls = 2007
Reading sequences, sequential format..
Reading seq # 1: Chicken     Reading seq # 2: Duck     Reading seq # 3: Chimpanzee     Reading seq # 4: Human     Reading seq # 5: Orangutan     Reading seq # 6: Rhesus_macaque     Reading seq # 7: Cow     Reading seq # 8: Sheep     Reading seq # 9: Pig     Reading seq #10: Dog     Reading seq #11: Mouse     Reading seq #12: Rat     
Sequences read..
Counting site patterns..  0:00
         638 patterns at      669 /      669 sites (100.0%),  0:00
1 ambiguous codons are seen in the data:
 ---
Counting codons..
NG distances for seqs.:
   1   2   3   4   5   6   7   8   9  10  11  12

      528 bytes for distance
   622688 bytes for conP
        0 bytes for fhK
  5000000 bytes for space

TREE #  1
(1, 2, ((((((3, 4), 5), 6), ((7, 8), 9)), 10), (11, 12)));   MP score: -1
   1   20.299490
   2   11.832687
   3   11.762694
   4   11.762302
   5   11.762209
   6   11.762206
  3113440 bytes for conP, adjusted

    0.487676    0.112847    1.371387    0.225969    0.045526    0.256865    0.000000    0.020037    0.037809    0.022073    0.053719    0.107259    0.109497    0.142758    0.036923    0.063798    0.264793    0.261251    0.200115    0.168824    0.211717    1.000000    0.005000

ntime & nrate & np:    21     1    23

Bounds (np=23):
   0.000004   0.000004   0.000004   0.000004   0.000004   0.000004   0.000004   0.000004   0.000004   0.000004   0.000004   0.000004   0.000004   0.000004   0.000004   0.000004   0.000004   0.000004   0.000004   0.000004   0.000004   0.000100   0.000100
  50.000000  50.000000  50.000000  50.000000  50.000000  50.000000  50.000000  50.000000  50.000000  50.000000  50.000000  50.000000  50.000000  50.000000  50.000000  50.000000  50.000000  50.000000  50.000000  50.000000  50.000000 999.000000 999.000000

np =    23
lnL0 = -16693.660410

Iterating by ming2
Initial: fx= 16693.660410
x=  0.48768  0.11285  1.37139  0.22597  0.04553  0.25687  0.00000  0.02004  0.03781  0.02207  0.05372  0.10726  0.10950  0.14276  0.03692  0.06380  0.26479  0.26125  0.20012  0.16882  0.21172  1.00000  0.00500

  1 h-m-p  0.0000 0.0001 269204.2528 YYCYYCCYCC 13144.018243 10 0.0000    44 | 0/23
  2 h-m-p  0.0000 0.0001 1031.5391 +YYCYYCCC 13082.122777  7 0.0001    81 | 0/23
  3 h-m-p  0.0000 0.0000 2450.7279 +YYYCCC 13050.211285  5 0.0000   115 | 0/23
  4 h-m-p  0.0000 0.0002 2535.9285 YYCCC 13019.254558  4 0.0000   147 | 0/23
  5 h-m-p  0.0001 0.0004 720.7042 YCCCC 12991.111034  4 0.0002   180 | 0/23
  6 h-m-p  0.0001 0.0004 705.6921 YCCC  12975.232057  3 0.0002   211 | 0/23
  7 h-m-p  0.0000 0.0002 1192.6765 +CYCC 12945.585056  3 0.0002   243 | 0/23
  8 h-m-p  0.0001 0.0003 677.3402 YCYCCC 12930.607438  5 0.0002   277 | 0/23
  9 h-m-p  0.0001 0.0007 518.2589 YCCC  12916.457835  3 0.0003   308 | 0/23
 10 h-m-p  0.0001 0.0005 563.8153 CYCC  12913.169066  3 0.0001   339 | 0/23
 11 h-m-p  0.0002 0.0022 307.1348 YC    12905.888463  1 0.0004   366 | 0/23
 12 h-m-p  0.0005 0.0023  69.4033 YCC   12905.329461  2 0.0003   395 | 0/23
 13 h-m-p  0.0004 0.0097  55.2111 CC    12904.942727  1 0.0004   423 | 0/23
 14 h-m-p  0.0006 0.0198  35.3604 +YC   12904.288308  1 0.0016   451 | 0/23
 15 h-m-p  0.0006 0.0032 105.3346 YC    12903.971075  1 0.0003   478 | 0/23
 16 h-m-p  0.0009 0.0420  35.6679 CYC   12903.702574  2 0.0009   507 | 0/23
 17 h-m-p  0.0022 0.0421  15.4000 CC    12903.445285  1 0.0028   535 | 0/23
 18 h-m-p  0.0050 0.0383   8.8389 CC    12903.380447  1 0.0014   563 | 0/23
 19 h-m-p  0.0105 0.3068   1.1603 YC    12902.570282  1 0.0249   590 | 0/23
 20 h-m-p  0.0012 0.0275  23.2699 +YCCC 12882.213047  3 0.0122   622 | 0/23
 21 h-m-p  0.0026 0.0132  38.4562 YC    12881.248231  1 0.0012   649 | 0/23
 22 h-m-p  0.0028 0.0448  16.8336 CCC   12880.936608  2 0.0024   679 | 0/23
 23 h-m-p  0.0053 0.0652   7.5157 CC    12880.902867  1 0.0012   707 | 0/23
 24 h-m-p  0.0547 1.6154   0.1614 +YCCC 12878.657475  3 0.4066   739 | 0/23
 25 h-m-p  0.0072 0.0464   9.1010 YC    12878.604105  1 0.0013   789 | 0/23
 26 h-m-p  0.1323 8.0000   0.0863 +YC   12877.441417  1 1.3010   817 | 0/23
 27 h-m-p  1.6000 8.0000   0.0119 C     12877.291899  0 1.6000   866 | 0/23
 28 h-m-p  1.6000 8.0000   0.0089 YC    12877.149745  1 3.8722   916 | 0/23
 29 h-m-p  1.6000 8.0000   0.0048 ++    12876.460658  m 8.0000   965 | 0/23
 30 h-m-p  1.6000 8.0000   0.0194 CCC   12875.102591  2 2.4766  1018 | 0/23
 31 h-m-p  1.6000 8.0000   0.0231 CCC   12874.003961  2 2.0510  1071 | 0/23
 32 h-m-p  1.6000 8.0000   0.0087 CC    12873.833402  1 1.4572  1122 | 0/23
 33 h-m-p  1.6000 8.0000   0.0043 YC    12873.814377  1 1.2676  1172 | 0/23
 34 h-m-p  1.6000 8.0000   0.0008 C     12873.814043  0 1.2970  1221 | 0/23
 35 h-m-p  1.6000 8.0000   0.0001 C     12873.814021  0 1.5905  1270 | 0/23
 36 h-m-p  1.6000 8.0000   0.0001 C     12873.814018  0 1.4485  1319 | 0/23
 37 h-m-p  1.6000 8.0000   0.0000 Y     12873.814018  0 1.1407  1368 | 0/23
 38 h-m-p  1.6000 8.0000   0.0000 C     12873.814018  0 1.6000  1417 | 0/23
 39 h-m-p  1.6000 8.0000   0.0000 Y     12873.814018  0 1.6000  1466 | 0/23
 40 h-m-p  1.5282 8.0000   0.0000 C     12873.814018  0 1.5282  1515 | 0/23
 41 h-m-p  1.3583 8.0000   0.0000 ----------C 12873.814018  0 0.0000  1574
Out..
lnL  = -12873.814018
1575 lfun, 1575 eigenQcodon, 33075 P(t)
end of tree file.

Time used:  1:52
